<?xml version="1.0" encoding="UTF-8"?>
<testsuite xmlns:xsi="http://www.w3.org/2001/XMLSchema-instance" xsi:noNamespaceSchemaLocation="https://maven.apache.org/surefire/maven-surefire-plugin/xsd/surefire-test-report-3.0.xsd" version="3.0" name="com.daifu.manage.payment.PaymentServiceTests" time="2.048" tests="5" errors="0" skipped="0" failures="0">
  <properties>
[...]
</properties>
  <testcase name="markOrderPaid_updatesOrderStockAndCart" classname="com.daifu.manage.payment.PaymentServiceTests" time="1.88"/>
  <testcase name="createCheckout_allowsMissingOpenidAndReturnsCashierPath" classname="com.daifu.manage.payment.PaymentServiceTests" time="0.044"/>
  <testcase name="wechatJsapiPay_inMockModeBindsGeneratedOpenidAndReturnsMockPayload" classname="com.daifu.manage.payment.PaymentServiceTests" time="0.033"/>
  <testcase name="createCheckout_rejectsMissingUser" classname="com.daifu.manage.payment.PaymentServiceTests" time="0.006"/>
  <testcase name="getOrder_closesExpiredOrderAndReturnsItems" classname="com.daifu.manage.payment.PaymentServiceTests" time="0.059"/>
</testsuite>